2019-12-27 15:15:02.515 [main] INFO  c.z.s.SpringbootWebErrorApplication - Starting SpringbootWebErrorApplication on Wade-Why with PID 952 (F:\MyIdeaProgram\SpringBoot\springboot\springboot-web-error\target\classes started by wadewhy in F:\MyIdeaProgram\SpringBoot\springboot)
2019-12-27 15:15:02.525 [main] DEBUG c.z.s.SpringbootWebErrorApplication - Running with Spring Boot v2.2.2.RELEASE, Spring v5.2.2.RELEASE
2019-12-27 15:15:02.526 [main] INFO  c.z.s.SpringbootWebErrorApplication - No active profile set, falling back to default profiles: default
2019-12-27 15:15:03.598 [main] INFO  o.s.d.r.config.RepositoryConfigurationDelegate - Bootstrapping Spring Data JPA repositories in DEFAULT mode.
2019-12-27 15:15:03.693 [main] INFO  o.s.d.r.config.RepositoryConfigurationDelegate - Finished Spring Data repository scanning in 85ms. Found 1 JPA repository interfaces.
2019-12-27 15:15:04.056 [main] INFO  o.s.c.s.PostProcessorRegistrationDelegate$BeanPostProcessorChecker - Bean 'org.springframework.transaction.annotation.ProxyTransactionManagementConfiguration' of type [org.springframework.transaction.annotation.ProxyTransactionManagementConfiguration] is not eligible for getting processed by all BeanPostProcessors (for example: not eligible for auto-proxying)
2019-12-27 15:15:04.503 [main] INFO  o.s.boot.web.embedded.tomcat.TomcatWebServer - Tomcat initialized with port(s): 8080 (http)
2019-12-27 15:15:04.513 [main] INFO  org.apache.catalina.core.StandardService - Starting service [Tomcat]
2019-12-27 15:15:04.513 [main] INFO  org.apache.catalina.core.StandardEngine - Starting Servlet engine: [Apache Tomcat/9.0.29]
2019-12-27 15:15:04.516 [main] INFO  org.apache.catalina.core.AprLifecycleListener - An older version [1.2.16] of the APR based Apache Tomcat Native library is installed, while Tomcat recommends a minimum version of [1.2.23]
2019-12-27 15:15:04.516 [main] INFO  org.apache.catalina.core.AprLifecycleListener - Loaded APR based Apache Tomcat Native library [1.2.16] using APR version [1.6.3].
2019-12-27 15:15:04.517 [main] INFO  org.apache.catalina.core.AprLifecycleListener - APR capabilities: IPv6 [true], sendfile [true], accept filters [false], random [true].
2019-12-27 15:15:04.517 [main] INFO  org.apache.catalina.core.AprLifecycleListener - APR/OpenSSL configuration: useAprConnector [false], useOpenSSL [true]
2019-12-27 15:15:05.576 [main] INFO  org.apache.catalina.core.AprLifecycleListener - OpenSSL successfully initialized [OpenSSL 1.0.2m  2 Nov 2017]
2019-12-27 15:15:05.692 [main] INFO  o.a.c.core.ContainerBase.[Tomcat].[localhost].[/] - Initializing Spring embedded WebApplicationContext
2019-12-27 15:15:05.693 [main] INFO  org.springframework.web.context.ContextLoader - Root WebApplicationContext: initialization completed in 3087 ms
2019-12-27 15:15:05.764 [main] WARN  o.s.b.w.s.c.AnnotationConfigServletWebServerApplicationContext - Exception encountered during context initialization - cancelling refresh attempt: org.springframework.beans.factory.UnsatisfiedDependencyException: Error creating bean with name 'org.springframework.boot.autoconfigure.orm.jpa.HibernateJpaConfiguration': Unsatisfied dependency expressed through constructor parameter 0; nested exception is org.springframework.beans.factory.BeanCreationException: Error creating bean with name 'dataSource' defined in class path resource [org/springframework/boot/autoconfigure/jdbc/DataSourceConfiguration$Hikari.class]: Bean instantiation via factory method failed; nested exception is org.springframework.beans.BeanInstantiationException: Failed to instantiate [com.zaxxer.hikari.HikariDataSource]: Factory method 'dataSource' threw exception; nested exception is org.springframework.boot.autoconfigure.jdbc.DataSourceProperties$DataSourceBeanCreationException: Failed to determine a suitable driver class
2019-12-27 15:15:05.767 [main] INFO  org.apache.catalina.core.StandardService - Stopping service [Tomcat]
2019-12-27 15:15:05.781 [main] INFO  o.s.b.a.l.ConditionEvaluationReportLoggingListener - 

Error starting ApplicationContext. To display the conditions report re-run your application with 'debug' enabled.
2019-12-27 15:15:05.790 [main] ERROR o.s.b.diagnostics.LoggingFailureAnalysisReporter - 

***************************
APPLICATION FAILED TO START
***************************

Description:

Failed to configure a DataSource: 'url' attribute is not specified and no embedded datasource could be configured.

Reason: Failed to determine a suitable driver class


Action:

Consider the following:
	If you want an embedded database (H2, HSQL or Derby), please put it on the classpath.
	If you have database settings to be loaded from a particular profile you may need to activate it (no profiles are currently active).

2019-12-27 15:21:16.354 [main] INFO  c.z.s.SpringbootWebErrorApplication - Starting SpringbootWebErrorApplication on Wade-Why with PID 1728 (F:\MyIdeaProgram\SpringBoot\springboot\springboot-web-error\target\classes started by wadewhy in F:\MyIdeaProgram\SpringBoot\springboot)
2019-12-27 15:21:16.358 [main] DEBUG c.z.s.SpringbootWebErrorApplication - Running with Spring Boot v2.2.2.RELEASE, Spring v5.2.2.RELEASE
2019-12-27 15:21:16.359 [main] INFO  c.z.s.SpringbootWebErrorApplication - No active profile set, falling back to default profiles: default
2019-12-27 15:21:17.991 [main] INFO  o.s.boot.web.embedded.tomcat.TomcatWebServer - Tomcat initialized with port(s): 8080 (http)
2019-12-27 15:21:18.012 [main] INFO  org.apache.catalina.core.StandardService - Starting service [Tomcat]
2019-12-27 15:21:18.013 [main] INFO  org.apache.catalina.core.StandardEngine - Starting Servlet engine: [Apache Tomcat/9.0.29]
2019-12-27 15:21:18.015 [main] INFO  org.apache.catalina.core.AprLifecycleListener - An older version [1.2.16] of the APR based Apache Tomcat Native library is installed, while Tomcat recommends a minimum version of [1.2.23]
2019-12-27 15:21:18.015 [main] INFO  org.apache.catalina.core.AprLifecycleListener - Loaded APR based Apache Tomcat Native library [1.2.16] using APR version [1.6.3].
2019-12-27 15:21:18.015 [main] INFO  org.apache.catalina.core.AprLifecycleListener - APR capabilities: IPv6 [true], sendfile [true], accept filters [false], random [true].
2019-12-27 15:21:18.016 [main] INFO  org.apache.catalina.core.AprLifecycleListener - APR/OpenSSL configuration: useAprConnector [false], useOpenSSL [true]
2019-12-27 15:21:19.068 [main] INFO  org.apache.catalina.core.AprLifecycleListener - OpenSSL successfully initialized [OpenSSL 1.0.2m  2 Nov 2017]
2019-12-27 15:21:19.159 [main] INFO  o.a.c.core.ContainerBase.[Tomcat].[localhost].[/] - Initializing Spring embedded WebApplicationContext
2019-12-27 15:21:19.159 [main] INFO  org.springframework.web.context.ContextLoader - Root WebApplicationContext: initialization completed in 2734 ms
2019-12-27 15:21:19.349 [main] INFO  o.s.scheduling.concurrent.ThreadPoolTaskExecutor - Initializing ExecutorService 'applicationTaskExecutor'
2019-12-27 15:21:19.583 [main] INFO  o.s.boot.web.embedded.tomcat.TomcatWebServer - Tomcat started on port(s): 8080 (http) with context path ''
2019-12-27 15:21:19.588 [main] INFO  c.z.s.SpringbootWebErrorApplication - Started SpringbootWebErrorApplication in 4.158 seconds (JVM running for 7.49)
2019-12-27 15:21:36.521 [http-nio-8080-exec-1] INFO  o.a.c.core.ContainerBase.[Tomcat].[localhost].[/] - Initializing Spring DispatcherServlet 'dispatcherServlet'
2019-12-27 15:21:36.521 [http-nio-8080-exec-1] INFO  org.springframework.web.servlet.DispatcherServlet - Initializing Servlet 'dispatcherServlet'
2019-12-27 15:21:36.530 [http-nio-8080-exec-1] INFO  org.springframework.web.servlet.DispatcherServlet - Completed initialization in 8 ms
2019-12-27 15:21:36.550 [http-nio-8080-exec-1] INFO  c.z.s.config.LogHandlerInterceptor - perHandle拦截请求URL：http://localhost:8080/user/1
2019-12-27 15:21:36.574 [http-nio-8080-exec-1] INFO  c.z.s.config.LogHandlerInterceptor - postHandle返回modelAndView之前执行
2019-12-27 15:21:36.992 [http-nio-8080-exec-1] INFO  c.z.s.config.LogHandlerInterceptor - afterCompletion执行完请求方法完全返回之后
2019-12-27 15:22:00.829 [http-nio-8080-exec-2] INFO  c.z.s.config.LogHandlerInterceptor - perHandle拦截请求URL：http://localhost:8080/user/1
2019-12-27 15:22:00.830 [http-nio-8080-exec-2] INFO  c.z.s.config.LogHandlerInterceptor - postHandle返回modelAndView之前执行
2019-12-27 15:22:00.859 [http-nio-8080-exec-2] INFO  c.z.s.config.LogHandlerInterceptor - afterCompletion执行完请求方法完全返回之后
2019-12-27 15:22:20.809 [http-nio-8080-exec-3] INFO  c.z.s.config.LogHandlerInterceptor - perHandle拦截请求URL：http://localhost:8080/user/10
2019-12-27 15:22:20.812 [http-nio-8080-exec-3] INFO  c.z.s.config.LogHandlerInterceptor - postHandle返回modelAndView之前执行
2019-12-27 15:22:20.812 [http-nio-8080-exec-3] INFO  c.z.s.config.LogHandlerInterceptor - afterCompletion执行完请求方法完全返回之后
2019-12-27 15:22:20.820 [http-nio-8080-exec-3] INFO  c.z.s.config.LogHandlerInterceptor - perHandle拦截请求URL：http://localhost:8080/error
2019-12-27 15:22:20.842 [http-nio-8080-exec-3] INFO  c.z.s.config.LogHandlerInterceptor - postHandle返回modelAndView之前执行
2019-12-27 15:22:20.842 [http-nio-8080-exec-3] INFO  c.z.s.config.LogHandlerInterceptor - afterCompletion执行完请求方法完全返回之后
2019-12-27 15:23:35.753 [main] INFO  c.z.s.SpringbootWebErrorApplication - Starting SpringbootWebErrorApplication on Wade-Why with PID 12584 (F:\MyIdeaProgram\SpringBoot\springboot\springboot-web-error\target\classes started by wadewhy in F:\MyIdeaProgram\SpringBoot\springboot)
2019-12-27 15:23:35.758 [main] DEBUG c.z.s.SpringbootWebErrorApplication - Running with Spring Boot v2.2.2.RELEASE, Spring v5.2.2.RELEASE
2019-12-27 15:23:35.758 [main] INFO  c.z.s.SpringbootWebErrorApplication - No active profile set, falling back to default profiles: default
2019-12-27 15:23:37.249 [main] INFO  o.s.boot.web.embedded.tomcat.TomcatWebServer - Tomcat initialized with port(s): 8080 (http)
2019-12-27 15:23:37.265 [main] INFO  org.apache.catalina.core.StandardService - Starting service [Tomcat]
2019-12-27 15:23:37.265 [main] INFO  org.apache.catalina.core.StandardEngine - Starting Servlet engine: [Apache Tomcat/9.0.29]
2019-12-27 15:23:37.268 [main] INFO  org.apache.catalina.core.AprLifecycleListener - An older version [1.2.16] of the APR based Apache Tomcat Native library is installed, while Tomcat recommends a minimum version of [1.2.23]
2019-12-27 15:23:37.268 [main] INFO  org.apache.catalina.core.AprLifecycleListener - Loaded APR based Apache Tomcat Native library [1.2.16] using APR version [1.6.3].
2019-12-27 15:23:37.269 [main] INFO  org.apache.catalina.core.AprLifecycleListener - APR capabilities: IPv6 [true], sendfile [true], accept filters [false], random [true].
2019-12-27 15:23:37.269 [main] INFO  org.apache.catalina.core.AprLifecycleListener - APR/OpenSSL configuration: useAprConnector [false], useOpenSSL [true]
2019-12-27 15:23:38.331 [main] INFO  org.apache.catalina.core.AprLifecycleListener - OpenSSL successfully initialized [OpenSSL 1.0.2m  2 Nov 2017]
2019-12-27 15:23:38.509 [main] INFO  o.a.c.core.ContainerBase.[Tomcat].[localhost].[/] - Initializing Spring embedded WebApplicationContext
2019-12-27 15:23:38.509 [main] INFO  org.springframework.web.context.ContextLoader - Root WebApplicationContext: initialization completed in 2674 ms
2019-12-27 15:23:39.084 [main] INFO  o.s.scheduling.concurrent.ThreadPoolTaskExecutor - Initializing ExecutorService 'applicationTaskExecutor'
2019-12-27 15:23:39.403 [main] INFO  o.s.boot.web.embedded.tomcat.TomcatWebServer - Tomcat started on port(s): 8080 (http) with context path ''
2019-12-27 15:23:39.408 [main] INFO  c.z.s.SpringbootWebErrorApplication - Started SpringbootWebErrorApplication in 4.579 seconds (JVM running for 11.982)
2019-12-27 15:24:25.489 [http-nio-8080-exec-1] INFO  o.a.c.core.ContainerBase.[Tomcat].[localhost].[/] - Initializing Spring DispatcherServlet 'dispatcherServlet'
2019-12-27 15:24:25.489 [http-nio-8080-exec-1] INFO  org.springframework.web.servlet.DispatcherServlet - Initializing Servlet 'dispatcherServlet'
2019-12-27 15:24:25.497 [http-nio-8080-exec-1] INFO  org.springframework.web.servlet.DispatcherServlet - Completed initialization in 8 ms
2019-12-27 15:24:25.517 [http-nio-8080-exec-1] INFO  c.z.s.config.LogHandlerInterceptor - perHandle拦截请求URL：http://localhost:8080/user/1
2019-12-27 15:24:25.548 [http-nio-8080-exec-1] INFO  c.zzh.springbootweberror.exception.ExceptionHandle - 异常 {}
java.lang.ArrayIndexOutOfBoundsException: 3
	at com.zzh.springbootweberror.controller.UserController.getUserById(UserController.java:68)
	at sun.reflect.NativeMethodAccessorImpl.invoke0(Native Method)
	at sun.reflect.NativeMethodAccessorImpl.invoke(NativeMethodAccessorImpl.java:62)
	at sun.reflect.DelegatingMethodAccessorImpl.__invoke(DelegatingMethodAccessorImpl.java:43)
	at sun.reflect.DelegatingMethodAccessorImpl.invoke(DelegatingMethodAccessorImpl.java:45009)
	at sun.reflect.DelegatingMethodAccessorImpl.invoke(DelegatingMethodAccessorImpl.java:45012)
	at java.lang.reflect.Method.invoke(Method.java:498)
	at org.springframework.web.method.support.InvocableHandlerMethod.doInvoke(InvocableHandlerMethod.java:190)
	at org.springframework.web.method.support.InvocableHandlerMethod.invokeForRequest(InvocableHandlerMethod.java:138)
	at org.springframework.web.servlet.mvc.method.annotation.ServletInvocableHandlerMethod.invokeAndHandle(ServletInvocableHandlerMethod.java:106)
	at org.springframework.web.servlet.mvc.method.annotation.RequestMappingHandlerAdapter.invokeHandlerMethod(RequestMappingHandlerAdapter.java:888)
	at org.springframework.web.servlet.mvc.method.annotation.RequestMappingHandlerAdapter.handleInternal(RequestMappingHandlerAdapter.java:793)
	at org.springframework.web.servlet.mvc.method.AbstractHandlerMethodAdapter.handle(AbstractHandlerMethodAdapter.java:87)
	at org.springframework.web.servlet.DispatcherServlet.doDispatch(DispatcherServlet.java:1040)
	at org.springframework.web.servlet.DispatcherServlet.doService(DispatcherServlet.java:943)
	at org.springframework.web.servlet.FrameworkServlet.processRequest(FrameworkServlet.java:1006)
	at org.springframework.web.servlet.FrameworkServlet.doGet(FrameworkServlet.java:898)
	at javax.servlet.http.HttpServlet.service(HttpServlet.java:634)
	at org.springframework.web.servlet.FrameworkServlet.service(FrameworkServlet.java:883)
	at javax.servlet.http.HttpServlet.service(HttpServlet.java:741)
	at org.apache.catalina.core.ApplicationFilterChain.internalDoFilter(ApplicationFilterChain.java:231)
	at org.apache.catalina.core.ApplicationFilterChain.doFilter(ApplicationFilterChain.java:166)
	at org.apache.tomcat.websocket.server.WsFilter.doFilter(WsFilter.java:53)
	at org.apache.catalina.core.ApplicationFilterChain.internalDoFilter(ApplicationFilterChain.java:193)
	at org.apache.catalina.core.ApplicationFilterChain.doFilter(ApplicationFilterChain.java:166)
	at org.springframework.web.filter.RequestContextFilter.doFilterInternal(RequestContextFilter.java:100)
	at org.springframework.web.filter.OncePerRequestFilter.doFilter(OncePerRequestFilter.java:119)
	at org.apache.catalina.core.ApplicationFilterChain.internalDoFilter(ApplicationFilterChain.java:193)
	at org.apache.catalina.core.ApplicationFilterChain.doFilter(ApplicationFilterChain.java:166)
	at org.springframework.web.filter.FormContentFilter.doFilterInternal(FormContentFilter.java:93)
	at org.springframework.web.filter.OncePerRequestFilter.doFilter(OncePerRequestFilter.java:119)
	at org.apache.catalina.core.ApplicationFilterChain.internalDoFilter(ApplicationFilterChain.java:193)
	at org.apache.catalina.core.ApplicationFilterChain.doFilter(ApplicationFilterChain.java:166)
	at org.springframework.web.filter.CharacterEncodingFilter.doFilterInternal(CharacterEncodingFilter.java:201)
	at org.springframework.web.filter.OncePerRequestFilter.doFilter(OncePerRequestFilter.java:119)
	at org.apache.catalina.core.ApplicationFilterChain.internalDoFilter(ApplicationFilterChain.java:193)
	at org.apache.catalina.core.ApplicationFilterChain.doFilter(ApplicationFilterChain.java:166)
	at org.apache.catalina.core.StandardWrapperValve.invoke(StandardWrapperValve.java:202)
	at org.apache.catalina.core.StandardContextValve.__invoke(StandardContextValve.java:96)
	at org.apache.catalina.core.StandardContextValve.invoke(StandardContextValve.java:41002)
	at org.apache.catalina.authenticator.AuthenticatorBase.invoke(AuthenticatorBase.java:526)
	at org.apache.catalina.core.StandardHostValve.invoke(StandardHostValve.java:139)
	at org.apache.catalina.valves.ErrorReportValve.invoke(ErrorReportValve.java:92)
	at org.apache.catalina.core.StandardEngineValve.invoke(StandardEngineValve.java:74)
	at org.apache.catalina.connector.CoyoteAdapter.service(CoyoteAdapter.java:343)
	at org.apache.coyote.http11.Http11Processor.service(Http11Processor.java:367)
	at org.apache.coyote.AbstractProcessorLight.process(AbstractProcessorLight.java:65)
	at org.apache.coyote.AbstractProtocol$ConnectionHandler.process(AbstractProtocol.java:860)
	at org.apache.tomcat.util.net.NioEndpoint$SocketProcessor.doRun(NioEndpoint.java:1591)
	at org.apache.tomcat.util.net.SocketProcessorBase.run(SocketProcessorBase.java:49)
	at java.util.concurrent.ThreadPoolExecutor.runWorker(ThreadPoolExecutor.java:1142)
	at java.util.concurrent.ThreadPoolExecutor$Worker.run(ThreadPoolExecutor.java:617)
	at org.apache.tomcat.util.threads.TaskThread$WrappingRunnable.run(TaskThread.java:61)
	at java.lang.Thread.run(Thread.java:745)
2019-12-27 15:24:25.611 [http-nio-8080-exec-1] INFO  c.z.s.config.LogHandlerInterceptor - afterCompletion执行完请求方法完全返回之后
